<?xml version="1.0" encoding="UTF-8"?>
<testng-results ignored="0" total="2" passed="2" failed="0" skipped="0">
  <reporter-output>
  </reporter-output>
  <suite started-at="2021-09-17T09:09:28 IST" name="SampleSuite2" finished-at="2021-09-17T09:10:18 IST" duration-ms="50376">
    <groups>
    </groups>
    <test started-at="2021-09-17T09:09:28 IST" name="SampleTest" finished-at="2021-09-17T09:09:50 IST" duration-ms="22311">
      <class name="picnic.CrossBrowserScript">
        <test-method is-config="true" signature="setup(java.lang.String)[pri:0, instance:picnic.CrossBrowserScript@61001b64]" started-at="2021-09-17T09:09:28 IST" name="setup" finished-at="2021-09-17T09:09:34 IST" duration-ms="6387" status="PASS">
          <params>
            <param index="0">
              <value>
                <![CDATA[Chrome]]>
              </value>
            </param>
          </params>
          <reporter-output>
          </reporter-output>
        </test-method> <!-- setup -->
        <test-method signature="testParameterWithXML()[pri:0, instance:picnic.CrossBrowserScript@61001b64]" started-at="2021-09-17T09:09:34 IST" name="testParameterWithXML" finished-at="2021-09-17T09:09:50 IST" duration-ms="15819" status="PASS">
          <reporter-output>
          </reporter-output>
        </test-method> <!-- testParameterWithXML -->
      </class> <!-- picnic.CrossBrowserScript -->
    </test> <!-- SampleTest -->
    <test started-at="2021-09-17T09:09:50 IST" name="Sample2Test" finished-at="2021-09-17T09:10:18 IST" duration-ms="27911">
      <class name="picnic.CrossBrowserScript">
        <test-method is-config="true" signature="setup(java.lang.String)[pri:0, instance:picnic.CrossBrowserScript@6340e5f0]" started-at="2021-09-17T09:09:50 IST" name="setup" finished-at="2021-09-17T09:10:00 IST" duration-ms="9430" status="PASS">
          <params>
            <param index="0">
              <value>
                <![CDATA[Firefox]]>
              </value>
            </param>
          </params>
          <reporter-output>
          </reporter-output>
        </test-method> <!-- setup -->
        <test-method signature="testParameterWithXML()[pri:0, instance:picnic.CrossBrowserScript@6340e5f0]" started-at="2021-09-17T09:10:00 IST" name="testParameterWithXML" finished-at="2021-09-17T09:10:18 IST" duration-ms="18473" status="PASS">
          <reporter-output>
          </reporter-output>
        </test-method> <!-- testParameterWithXML -->
      </class> <!-- picnic.CrossBrowserScript -->
    </test> <!-- Sample2Test -->
  </suite> <!-- SampleSuite2 -->
</testng-results>
